{"context":"NestFactory","level":"info","message":"Starting Nest application...","timestamp":"2025-05-20T23:02:59.997Z"}
{"context":"InstanceLoader","level":"info","message":"TypeOrmModule dependencies initialized","timestamp":"2025-05-20T23:02:59.998Z"}
{"context":"InstanceLoader","level":"info","message":"LoggerModule dependencies initialized","timestamp":"2025-05-20T23:02:59.998Z"}
{"context":"InstanceLoader","level":"info","message":"PassportModule dependencies initialized","timestamp":"2025-05-20T23:02:59.998Z"}
{"context":"InstanceLoader","level":"info","message":"ThrottlerModule dependencies initialized","timestamp":"2025-05-20T23:02:59.998Z"}
{"context":"InstanceLoader","level":"info","message":"ConfigHostModule dependencies initialized","timestamp":"2025-05-20T23:02:59.999Z"}
{"context":"InstanceLoader","level":"info","message":"AppModule dependencies initialized","timestamp":"2025-05-20T23:02:59.999Z"}
{"context":"InstanceLoader","level":"info","message":"CasbinConfigModule dependencies initialized","timestamp":"2025-05-20T23:02:59.999Z"}
{"context":"InstanceLoader","level":"info","message":"ConfigModule dependencies initialized","timestamp":"2025-05-20T23:02:59.999Z"}
{"context":"InstanceLoader","level":"info","message":"ConfigModule dependencies initialized","timestamp":"2025-05-20T23:03:00.000Z"}
{"context":"InstanceLoader","level":"info","message":"SecurityModule dependencies initialized","timestamp":"2025-05-20T23:03:00.000Z"}
{"context":"InstanceLoader","level":"info","message":"JwtModule dependencies initialized","timestamp":"2025-05-20T23:03:00.000Z"}
{"context":"InstanceLoader","level":"info","message":"WinstonModule dependencies initialized","timestamp":"2025-05-20T23:03:00.000Z"}
{"context":"InstanceLoader","level":"info","message":"TypeOrmCoreModule dependencies initialized","timestamp":"2025-05-20T23:03:00.000Z"}
{"context":"InstanceLoader","level":"info","message":"TypeOrmModule dependencies initialized","timestamp":"2025-05-20T23:03:00.000Z"}
{"context":"InstanceLoader","level":"info","message":"TypeOrmModule dependencies initialized","timestamp":"2025-05-20T23:03:00.001Z"}
{"context":"InstanceLoader","level":"info","message":"TypeOrmModule dependencies initialized","timestamp":"2025-05-20T23:03:00.001Z"}
{"context":"InstanceLoader","level":"info","message":"UsersModule dependencies initialized","timestamp":"2025-05-20T23:03:00.001Z"}
{"context":"InstanceLoader","level":"info","message":"AdminModule dependencies initialized","timestamp":"2025-05-20T23:03:00.001Z"}
{"context":"InstanceLoader","level":"info","message":"AuthModule dependencies initialized","timestamp":"2025-05-20T23:03:00.001Z"}
{"context":"RoutesResolver","level":"info","message":"AppController {/}:","timestamp":"2025-05-20T23:03:00.002Z"}
{"context":"RouterExplorer","level":"info","message":"Mapped {/, GET} route","timestamp":"2025-05-20T23:03:00.002Z"}
{"context":"RoutesResolver","level":"info","message":"UsersController {/users}:","timestamp":"2025-05-20T23:03:00.002Z"}
{"context":"RouterExplorer","level":"info","message":"Mapped {/users, GET} route","timestamp":"2025-05-20T23:03:00.002Z"}
{"context":"RouterExplorer","level":"info","message":"Mapped {/users/admin/create, POST} route","timestamp":"2025-05-20T23:03:00.002Z"}
{"context":"RouterExplorer","level":"info","message":"Mapped {/users/loyalty-manager/create, POST} route","timestamp":"2025-05-20T23:03:00.002Z"}
{"context":"RouterExplorer","level":"info","message":"Mapped {/users/transactions, GET} route","timestamp":"2025-05-20T23:03:00.002Z"}
{"context":"RouterExplorer","level":"info","message":"Mapped {/users/loyalty/status, GET} route","timestamp":"2025-05-20T23:03:00.002Z"}
{"context":"RoutesResolver","level":"info","message":"AuthController {/auth}:","timestamp":"2025-05-20T23:03:00.003Z"}
{"context":"RouterExplorer","level":"info","message":"Mapped {/auth/login, POST} route","timestamp":"2025-05-20T23:03:00.003Z"}
{"context":"RouterExplorer","level":"info","message":"Mapped {/auth/request-otp, POST} route","timestamp":"2025-05-20T23:03:00.003Z"}
{"context":"RouterExplorer","level":"info","message":"Mapped {/auth/verify-otp, POST} route","timestamp":"2025-05-20T23:03:00.003Z"}
{"context":"RouterExplorer","level":"info","message":"Mapped {/auth/logout, POST} route","timestamp":"2025-05-20T23:03:00.003Z"}
{"context":"RouterExplorer","level":"info","message":"Mapped {/auth/refresh, POST} route","timestamp":"2025-05-20T23:03:00.003Z"}
{"context":"RoutesResolver","level":"info","message":"AdminController {/admin}:","timestamp":"2025-05-20T23:03:00.003Z"}
{"context":"RouterExplorer","level":"info","message":"Mapped {/admin/users, GET} route","timestamp":"2025-05-20T23:03:00.003Z"}
{"context":"RouterExplorer","level":"info","message":"Mapped {/admin/users/by-role, GET} route","timestamp":"2025-05-20T23:03:00.003Z"}
{"context":"RouterExplorer","level":"info","message":"Mapped {/admin/users/role, PUT} route","timestamp":"2025-05-20T23:03:00.003Z"}
{"context":"RouterExplorer","level":"info","message":"Mapped {/admin/otp/settings, GET} route","timestamp":"2025-05-20T23:03:00.004Z"}
{"context":"RouterExplorer","level":"info","message":"Mapped {/admin/otp/settings, PUT} route","timestamp":"2025-05-20T23:03:00.004Z"}
{"context":"RouterExplorer","level":"info","message":"Mapped {/admin/otp/:userId, DELETE} route","timestamp":"2025-05-20T23:03:00.004Z"}
{"context":"RouterExplorer","level":"info","message":"Mapped {/admin/otp/pending, GET} route","timestamp":"2025-05-20T23:03:00.004Z"}
{"context":"RouterExplorer","level":"info","message":"Mapped {/admin/security-logs, GET} route","timestamp":"2025-05-20T23:03:00.004Z"}
{"context":"RouterExplorer","level":"info","message":"Mapped {/admin/security-logs/type/:type, GET} route","timestamp":"2025-05-20T23:03:00.004Z"}
{"context":"RouterExplorer","level":"info","message":"Mapped {/admin/security-logs/user/:userId, GET} route","timestamp":"2025-05-20T23:03:00.004Z"}
{"context":"RouterExplorer","level":"info","message":"Mapped {/admin/transactions/overview, GET} route","timestamp":"2025-05-20T23:03:00.004Z"}
{"context":"RouterExplorer","level":"info","message":"Mapped {/admin/transactions/stats, GET} route","timestamp":"2025-05-20T23:03:00.004Z"}
{"context":"RouterExplorer","level":"info","message":"Mapped {/admin/loyalty/settings, GET} route","timestamp":"2025-05-20T23:03:00.005Z"}
{"context":"RouterExplorer","level":"info","message":"Mapped {/admin/loyalty/settings, PUT} route","timestamp":"2025-05-20T23:03:00.005Z"}
{"context":"RouterExplorer","level":"info","message":"Mapped {/admin/loyalty/metrics, GET} route","timestamp":"2025-05-20T23:03:00.005Z"}
{"context":"NestApplication","level":"info","message":"Nest application successfully started","timestamp":"2025-05-20T23:03:00.005Z"}
{"context":"NestApplication","level":"info","message":"Application is running on: http://[::1]:3000","timestamp":"2025-05-20T23:03:00.006Z"}
{"context":"NestFactory","level":"info","message":"Starting Nest application...","timestamp":"2025-05-20T23:04:24.283Z"}
{"context":"InstanceLoader","level":"info","message":"TypeOrmModule dependencies initialized","timestamp":"2025-05-20T23:04:24.284Z"}
{"context":"InstanceLoader","level":"info","message":"LoggerModule dependencies initialized","timestamp":"2025-05-20T23:04:24.284Z"}
{"context":"InstanceLoader","level":"info","message":"PassportModule dependencies initialized","timestamp":"2025-05-20T23:04:24.284Z"}
{"context":"InstanceLoader","level":"info","message":"ThrottlerModule dependencies initialized","timestamp":"2025-05-20T23:04:24.284Z"}
{"context":"InstanceLoader","level":"info","message":"ConfigHostModule dependencies initialized","timestamp":"2025-05-20T23:04:24.285Z"}
{"context":"InstanceLoader","level":"info","message":"AppModule dependencies initialized","timestamp":"2025-05-20T23:04:24.285Z"}
{"context":"InstanceLoader","level":"info","message":"CasbinConfigModule dependencies initialized","timestamp":"2025-05-20T23:04:24.285Z"}
{"context":"InstanceLoader","level":"info","message":"ConfigModule dependencies initialized","timestamp":"2025-05-20T23:04:24.286Z"}
{"context":"InstanceLoader","level":"info","message":"ConfigModule dependencies initialized","timestamp":"2025-05-20T23:04:24.286Z"}
{"context":"InstanceLoader","level":"info","message":"SecurityModule dependencies initialized","timestamp":"2025-05-20T23:04:24.286Z"}
{"context":"InstanceLoader","level":"info","message":"JwtModule dependencies initialized","timestamp":"2025-05-20T23:04:24.286Z"}
{"context":"InstanceLoader","level":"info","message":"WinstonModule dependencies initialized","timestamp":"2025-05-20T23:04:24.286Z"}
{"context":"InstanceLoader","level":"info","message":"TypeOrmCoreModule dependencies initialized","timestamp":"2025-05-20T23:04:24.286Z"}
{"context":"InstanceLoader","level":"info","message":"TypeOrmModule dependencies initialized","timestamp":"2025-05-20T23:04:24.287Z"}
{"context":"InstanceLoader","level":"info","message":"TypeOrmModule dependencies initialized","timestamp":"2025-05-20T23:04:24.287Z"}
{"context":"InstanceLoader","level":"info","message":"TypeOrmModule dependencies initialized","timestamp":"2025-05-20T23:04:24.287Z"}
{"context":"InstanceLoader","level":"info","message":"UsersModule dependencies initialized","timestamp":"2025-05-20T23:04:24.287Z"}
{"context":"InstanceLoader","level":"info","message":"AdminModule dependencies initialized","timestamp":"2025-05-20T23:04:24.287Z"}
{"context":"InstanceLoader","level":"info","message":"AuthModule dependencies initialized","timestamp":"2025-05-20T23:04:24.288Z"}
{"context":"RoutesResolver","level":"info","message":"AppController {/}:","timestamp":"2025-05-20T23:04:24.288Z"}
{"context":"RouterExplorer","level":"info","message":"Mapped {/, GET} route","timestamp":"2025-05-20T23:04:24.288Z"}
{"context":"RoutesResolver","level":"info","message":"UsersController {/users}:","timestamp":"2025-05-20T23:04:24.288Z"}
{"context":"RouterExplorer","level":"info","message":"Mapped {/users, GET} route","timestamp":"2025-05-20T23:04:24.288Z"}
{"context":"RouterExplorer","level":"info","message":"Mapped {/users/admin/create, POST} route","timestamp":"2025-05-20T23:04:24.288Z"}
{"context":"RouterExplorer","level":"info","message":"Mapped {/users/loyalty-manager/create, POST} route","timestamp":"2025-05-20T23:04:24.288Z"}
{"context":"RouterExplorer","level":"info","message":"Mapped {/users/transactions, GET} route","timestamp":"2025-05-20T23:04:24.289Z"}
{"context":"RouterExplorer","level":"info","message":"Mapped {/users/loyalty/status, GET} route","timestamp":"2025-05-20T23:04:24.289Z"}
{"context":"RoutesResolver","level":"info","message":"AuthController {/auth}:","timestamp":"2025-05-20T23:04:24.289Z"}
{"context":"RouterExplorer","level":"info","message":"Mapped {/auth/login, POST} route","timestamp":"2025-05-20T23:04:24.289Z"}
{"context":"RouterExplorer","level":"info","message":"Mapped {/auth/request-otp, POST} route","timestamp":"2025-05-20T23:04:24.289Z"}
{"context":"RouterExplorer","level":"info","message":"Mapped {/auth/verify-otp, POST} route","timestamp":"2025-05-20T23:04:24.289Z"}
{"context":"RouterExplorer","level":"info","message":"Mapped {/auth/logout, POST} route","timestamp":"2025-05-20T23:04:24.289Z"}
{"context":"RouterExplorer","level":"info","message":"Mapped {/auth/refresh, POST} route","timestamp":"2025-05-20T23:04:24.290Z"}
{"context":"RoutesResolver","level":"info","message":"AdminController {/admin}:","timestamp":"2025-05-20T23:04:24.290Z"}
{"context":"RouterExplorer","level":"info","message":"Mapped {/admin/users, GET} route","timestamp":"2025-05-20T23:04:24.290Z"}
{"context":"RouterExplorer","level":"info","message":"Mapped {/admin/users/by-role, GET} route","timestamp":"2025-05-20T23:04:24.290Z"}
{"context":"RouterExplorer","level":"info","message":"Mapped {/admin/users/role, PUT} route","timestamp":"2025-05-20T23:04:24.290Z"}
{"context":"RouterExplorer","level":"info","message":"Mapped {/admin/otp/settings, GET} route","timestamp":"2025-05-20T23:04:24.290Z"}
{"context":"RouterExplorer","level":"info","message":"Mapped {/admin/otp/settings, PUT} route","timestamp":"2025-05-20T23:04:24.290Z"}
{"context":"RouterExplorer","level":"info","message":"Mapped {/admin/otp/:userId, DELETE} route","timestamp":"2025-05-20T23:04:24.290Z"}
{"context":"RouterExplorer","level":"info","message":"Mapped {/admin/otp/pending, GET} route","timestamp":"2025-05-20T23:04:24.290Z"}
{"context":"RouterExplorer","level":"info","message":"Mapped {/admin/security-logs, GET} route","timestamp":"2025-05-20T23:04:24.291Z"}
{"context":"RouterExplorer","level":"info","message":"Mapped {/admin/security-logs/type/:type, GET} route","timestamp":"2025-05-20T23:04:24.291Z"}
{"context":"RouterExplorer","level":"info","message":"Mapped {/admin/security-logs/user/:userId, GET} route","timestamp":"2025-05-20T23:04:24.291Z"}
{"context":"RouterExplorer","level":"info","message":"Mapped {/admin/transactions/overview, GET} route","timestamp":"2025-05-20T23:04:24.291Z"}
{"context":"RouterExplorer","level":"info","message":"Mapped {/admin/transactions/stats, GET} route","timestamp":"2025-05-20T23:04:24.291Z"}
{"context":"RouterExplorer","level":"info","message":"Mapped {/admin/loyalty/settings, GET} route","timestamp":"2025-05-20T23:04:24.291Z"}
{"context":"RouterExplorer","level":"info","message":"Mapped {/admin/loyalty/settings, PUT} route","timestamp":"2025-05-20T23:04:24.291Z"}
{"context":"RouterExplorer","level":"info","message":"Mapped {/admin/loyalty/metrics, GET} route","timestamp":"2025-05-20T23:04:24.291Z"}
{"context":"NestApplication","level":"info","message":"Nest application successfully started","timestamp":"2025-05-20T23:04:24.291Z"}
{"context":"NestApplication","level":"info","message":"Application is running on: http://[::1]:3000","timestamp":"2025-05-20T23:04:24.292Z"}
